Microsoft HTML Help Compiler 4.74.8702

Compiling c:\Devel\ATD_Microscopy\Microscope Systems\Resources\Help\Microscopy.chm


Compile time: 0 minutes, 1 second
7	Topics
6	Local links
0	Internet links
0	Graphics


Created c:\Devel\ATD_Microscopy\Microscope Systems\Resources\Help\Microscopy.chm, 17,496 bytes
Compression decreased file by 8,091 bytes.
Microsoft HTML Help Compiler 4.74.8702

Compiling c:\Devel\ATD_Microscopy\Microscope Systems\Resources\Help\Microscopy.chm


Compile time: 0 minutes, 0 seconds
7	Topics
7	Local links
0	Internet links
0	Graphics


Created c:\Devel\ATD_Microscopy\Microscope Systems\Resources\Help\Microscopy.chm, 17,516 bytes
Compression decreased file by 8,234 bytes.
Microsoft HTML Help Compiler 4.74.8702

Compiling c:\Devel\ATD_Microscopy\Microscope Systems\Resources\Help\Microscopy.chm


Compile time: 0 minutes, 0 seconds
7	Topics
7	Local links
0	Internet links
0	Graphics


Created c:\Devel\ATD_Microscopy\Microscope Systems\Resources\Help\Microscopy.chm, 17,514 bytes
Compression decreased file by 8,236 bytes.
